12:47:56 01/08/21 FILE=/var/www/html/bbctwo/paycenter_admin/index.php [debug] SELECT SQL_CALC_FOUND_ROWS * FROM pay_admin_rights_base WHERE 1   AND rights_id=34058 LIMIT 500 
12:47:56 01/08/21 FILE=/var/www/html/bbctwo/paycenter_admin/index.php [debug] SELECT SQL_CALC_FOUND_ROWS * FROM pay_admin_rights_base WHERE 1   AND rights_id=3180 LIMIT 500 
15:45:19 01/08/21 FILE=/var/www/html/bbctwo/paycenter_admin/index.php [debug] SELECT SQL_CALC_FOUND_ROWS * FROM pay_admin_user_base WHERE 1   AND user_id=10001 LIMIT 500 
15:45:19 01/08/21 FILE=/var/www/html/bbctwo/paycenter_admin/index.php [debug] SELECT SQL_CALC_FOUND_ROWS * FROM pay_admin_rights_group WHERE 1   AND rights_group_id=1 LIMIT 500 
15:45:19 01/08/21 FILE=/var/www/html/bbctwo/paycenter_admin/index.php [debug] SELECT SQL_CALC_FOUND_ROWS * FROM pay_admin_rights_base WHERE 1   AND rights_id=34058 LIMIT 500 
15:45:19 01/08/21 FILE=/var/www/html/bbctwo/paycenter_admin/index.php [debug] SELECT SQL_CALC_FOUND_ROWS * FROM pay_admin_user_base WHERE 1   AND user_id=10001 LIMIT 500 
15:45:19 01/08/21 FILE=/var/www/html/bbctwo/paycenter_admin/index.php [debug] SELECT SQL_CALC_FOUND_ROWS * FROM pay_admin_rights_group WHERE 1   AND rights_group_id=1 LIMIT 500 
15:45:19 01/08/21 FILE=/var/www/html/bbctwo/paycenter_admin/index.php [debug] SELECT SQL_CALC_FOUND_ROWS * FROM pay_admin_rights_base WHERE 1   AND rights_id=34058 LIMIT 500 
14:10:31 01/11/21 FILE=/var/www/html/bbctwo/paycenter_admin/index.php [debug] SELECT SQL_CALC_FOUND_ROWS * FROM pay_admin_rights_base WHERE 1   AND rights_id=34058 LIMIT 500 
14:10:31 01/11/21 FILE=/var/www/html/bbctwo/paycenter_admin/index.php [debug] SELECT SQL_CALC_FOUND_ROWS * FROM pay_admin_rights_base WHERE 1   AND rights_id=34058 LIMIT 500 
14:10:32 01/11/21 FILE=/var/www/html/bbctwo/paycenter_admin/index.php [debug] SELECT SQL_CALC_FOUND_ROWS * FROM pay_admin_rights_base WHERE 1   AND rights_id=3180 LIMIT 500 
14:10:32 01/11/21 FILE=/var/www/html/bbctwo/paycenter_admin/index.php [debug] SELECT SQL_CALC_FOUND_ROWS * FROM pay_admin_rights_base WHERE 1   AND rights_id=34058 LIMIT 500 
14:10:32 01/11/21 FILE=/var/www/html/bbctwo/paycenter_admin/index.php [debug] SELECT SQL_CALC_FOUND_ROWS * FROM pay_admin_rights_base WHERE 1   AND rights_id=3180 LIMIT 500 
14:10:33 01/11/21 FILE=/var/www/html/bbctwo/paycenter_admin/index.php [debug] SELECT SQL_CALC_FOUND_ROWS * FROM pay_admin_rights_base WHERE 1   AND rights_id=3180 LIMIT 500 
14:16:35 01/11/21 FILE=/var/www/html/bbctwo/paycenter_admin/index.php [debug] SELECT SQL_CALC_FOUND_ROWS * FROM pay_admin_rights_base WHERE 1   AND rights_id=34058 LIMIT 500 
14:16:35 01/11/21 FILE=/var/www/html/bbctwo/paycenter_admin/index.php [debug] SELECT SQL_CALC_FOUND_ROWS * FROM pay_admin_rights_base WHERE 1   AND rights_id=3180 LIMIT 500 
14:16:36 01/11/21 FILE=/var/www/html/bbctwo/paycenter_admin/index.php [debug] SELECT SQL_CALC_FOUND_ROWS * FROM pay_admin_rights_base WHERE 1   AND rights_id=34058 LIMIT 500 
14:16:36 01/11/21 FILE=/var/www/html/bbctwo/paycenter_admin/index.php [debug] SELECT SQL_CALC_FOUND_ROWS * FROM pay_admin_rights_base WHERE 1   AND rights_id=3180 LIMIT 500 
14:16:41 01/11/21 FILE=/var/www/html/bbctwo/paycenter_admin/index.php [debug] select count(1)cts from ucenter_login_limit where 1=1 and account='admin' and type=2 and (login_time >=1610294400 and login_time<=1610380799)
14:16:41 01/11/21 FILE=/var/www/html/bbctwo/paycenter_admin/index.php [debug] SELECT  SQL_CALC_FOUND_ROWS user_id FROM pay_admin_user_base WHERE 1   AND user_account="admin" LIMIT 500 
14:16:41 01/11/21 FILE=/var/www/html/bbctwo/paycenter_admin/index.php [debug] SELECT SQL_CALC_FOUND_ROWS * FROM pay_admin_user_base WHERE 1   AND user_id IN (10001) LIMIT 500 
14:16:41 01/11/21 FILE=/var/www/html/bbctwo/paycenter_admin/index.php [debug] SELECT SQL_CALC_FOUND_ROWS * FROM pay_admin_rights_base WHERE 1   AND rights_id=3180 LIMIT 500 
14:16:41 01/11/21 FILE=/var/www/html/bbctwo/paycenter_admin/index.php [debug] SELECT SQL_CALC_FOUND_ROWS * FROM pay_admin_user_base WHERE 1   AND user_id=10001 LIMIT 500 
14:16:41 01/11/21 FILE=/var/www/html/bbctwo/paycenter_admin/index.php [debug] SELECT SQL_CALC_FOUND_ROWS * FROM pay_admin_rights_group WHERE 1   AND rights_group_id=1 LIMIT 500 
14:16:41 01/11/21 FILE=/var/www/html/bbctwo/paycenter_admin/index.php [debug] SELECT SQL_CALC_FOUND_ROWS * FROM pay_admin_rights_base WHERE 1   AND rights_id=34058 LIMIT 500 
14:16:42 01/11/21 FILE=/var/www/html/bbctwo/paycenter_admin/index.php [debug] SELECT SQL_CALC_FOUND_ROWS * FROM pay_admin_user_base WHERE 1   AND user_id=10001 LIMIT 500 
14:16:42 01/11/21 FILE=/var/www/html/bbctwo/paycenter_admin/index.php [debug] SELECT SQL_CALC_FOUND_ROWS * FROM pay_admin_user_base WHERE 1   AND user_id=10001 LIMIT 500 
14:16:42 01/11/21 FILE=/var/www/html/bbctwo/paycenter_admin/index.php [debug] SELECT SQL_CALC_FOUND_ROWS * FROM pay_admin_user_base WHERE 1   AND user_id=10001 LIMIT 500 
14:16:43 01/11/21 FILE=/var/www/html/bbctwo/paycenter_admin/index.php [debug] SELECT SQL_CALC_FOUND_ROWS * FROM pay_admin_user_base WHERE 1   AND user_id=10001 LIMIT 500 
14:16:43 01/11/21 FILE=/var/www/html/bbctwo/paycenter_admin/index.php [debug] SELECT SQL_CALC_FOUND_ROWS * FROM pay_admin_rights_group WHERE 1   AND rights_group_id=1 LIMIT 500 
14:16:43 01/11/21 FILE=/var/www/html/bbctwo/paycenter_admin/index.php [debug] SELECT SQL_CALC_FOUND_ROWS * FROM pay_admin_rights_base WHERE 1   AND rights_id=34058 LIMIT 500 
14:16:47 01/11/21 FILE=/var/www/html/bbctwo/paycenter_admin/index.php [debug] SELECT SQL_CALC_FOUND_ROWS * FROM pay_admin_user_base WHERE 1   AND user_id=10001 LIMIT 500 
14:16:47 01/11/21 FILE=/var/www/html/bbctwo/paycenter_admin/index.php [debug] SELECT SQL_CALC_FOUND_ROWS * FROM pay_admin_user_base WHERE 1   AND user_id=10001 LIMIT 500 
14:16:54 01/11/21 FILE=/var/www/html/bbctwo/paycenter_admin/index.php [debug] SELECT SQL_CALC_FOUND_ROWS * FROM pay_admin_user_base WHERE 1   AND user_id=10001 LIMIT 500 
14:16:56 01/11/21 FILE=/var/www/html/bbctwo/paycenter_admin/index.php [debug] SELECT SQL_CALC_FOUND_ROWS * FROM pay_admin_user_base WHERE 1   AND user_id=10001 LIMIT 500 
14:16:57 01/11/21 FILE=/var/www/html/bbctwo/paycenter_admin/index.php [debug] SELECT SQL_CALC_FOUND_ROWS * FROM pay_admin_user_base WHERE 1   AND user_id=10001 LIMIT 500 
14:16:57 01/11/21 FILE=/var/www/html/bbctwo/paycenter_admin/index.php [debug] SELECT SQL_CALC_FOUND_ROWS * FROM pay_admin_user_base WHERE 1   AND user_id=10001 LIMIT 500 
14:34:52 01/11/21 FILE=/var/www/html/bbctwo/paycenter_admin/index.php [debug] SELECT SQL_CALC_FOUND_ROWS * FROM pay_admin_user_base WHERE 1   AND user_id=10001 LIMIT 500 
14:34:52 01/11/21 FILE=/var/www/html/bbctwo/paycenter_admin/index.php [debug] SELECT SQL_CALC_FOUND_ROWS * FROM pay_admin_user_base WHERE 1   AND user_id=10001 LIMIT 500 
14:34:56 01/11/21 FILE=/var/www/html/bbctwo/paycenter_admin/index.php [debug] SELECT SQL_CALC_FOUND_ROWS * FROM pay_admin_user_base WHERE 1   AND user_id=10001 LIMIT 500 
14:34:58 01/11/21 FILE=/var/www/html/bbctwo/paycenter_admin/index.php [debug] SELECT SQL_CALC_FOUND_ROWS * FROM pay_admin_user_base WHERE 1   AND user_id=10001 LIMIT 500 
14:35:02 01/11/21 FILE=/var/www/html/bbctwo/paycenter_admin/index.php [debug] SELECT SQL_CALC_FOUND_ROWS * FROM pay_admin_user_base WHERE 1   AND user_id=10001 LIMIT 500 
14:35:02 01/11/21 FILE=/var/www/html/bbctwo/paycenter_admin/index.php [debug] SELECT SQL_CALC_FOUND_ROWS * FROM pay_admin_user_base WHERE 1   AND user_id=10001 LIMIT 500 
14:35:02 01/11/21 FILE=/var/www/html/bbctwo/paycenter_admin/index.php [debug] SELECT SQL_CALC_FOUND_ROWS * FROM pay_admin_user_base WHERE 1   AND user_id=10001 LIMIT 500 
14:59:39 01/11/21 FILE=/var/www/html/bbctwo/paycenter_admin/index.php [debug] SELECT SQL_CALC_FOUND_ROWS * FROM pay_admin_user_base WHERE 1   AND user_id=10001 LIMIT 500 
14:59:39 01/11/21 FILE=/var/www/html/bbctwo/paycenter_admin/index.php [debug] SELECT SQL_CALC_FOUND_ROWS * FROM pay_admin_user_base WHERE 1   AND user_id=10001 LIMIT 500 
14:59:49 01/11/21 FILE=/var/www/html/bbctwo/paycenter_admin/index.php [debug] SELECT SQL_CALC_FOUND_ROWS * FROM pay_admin_user_base WHERE 1   AND user_id=10001 LIMIT 500 
15:05:46 01/11/21 FILE=/var/www/html/bbctwo/paycenter_admin/index.php [debug] SELECT SQL_CALC_FOUND_ROWS * FROM pay_admin_user_base WHERE 1   AND user_id=10001 LIMIT 500 
15:07:23 01/11/21 FILE=/var/www/html/bbctwo/paycenter_admin/index.php [debug] SELECT SQL_CALC_FOUND_ROWS * FROM pay_admin_user_base WHERE 1   AND user_id=10001 LIMIT 500 
15:07:23 01/11/21 FILE=/var/www/html/bbctwo/paycenter_admin/index.php [debug] SELECT SQL_CALC_FOUND_ROWS * FROM pay_admin_rights_group WHERE 1   AND rights_group_id=1 LIMIT 500 
15:07:23 01/11/21 FILE=/var/www/html/bbctwo/paycenter_admin/index.php [debug] SELECT SQL_CALC_FOUND_ROWS * FROM pay_admin_rights_base WHERE 1   AND rights_id=34058 LIMIT 500 
15:07:23 01/11/21 FILE=/var/www/html/bbctwo/paycenter_admin/index.php [debug] SELECT SQL_CALC_FOUND_ROWS * FROM pay_admin_user_base WHERE 1   AND user_id=10001 LIMIT 500 
15:07:24 01/11/21 FILE=/var/www/html/bbctwo/paycenter_admin/index.php [debug] SELECT SQL_CALC_FOUND_ROWS * FROM pay_admin_user_base WHERE 1   AND user_id=10001 LIMIT 500 
15:07:24 01/11/21 FILE=/var/www/html/bbctwo/paycenter_admin/index.php [debug] SELECT SQL_CALC_FOUND_ROWS * FROM pay_admin_user_base WHERE 1   AND user_id=10001 LIMIT 500 
15:07:24 01/11/21 FILE=/var/www/html/bbctwo/paycenter_admin/index.php [debug] SELECT SQL_CALC_FOUND_ROWS * FROM pay_admin_user_base WHERE 1   AND user_id=10001 LIMIT 500 
15:07:24 01/11/21 FILE=/var/www/html/bbctwo/paycenter_admin/index.php [debug] SELECT SQL_CALC_FOUND_ROWS * FROM pay_admin_rights_group WHERE 1   AND rights_group_id=1 LIMIT 500 
15:07:24 01/11/21 FILE=/var/www/html/bbctwo/paycenter_admin/index.php [debug] SELECT SQL_CALC_FOUND_ROWS * FROM pay_admin_rights_base WHERE 1   AND rights_id=34058 LIMIT 500 
15:07:25 01/11/21 FILE=/var/www/html/bbctwo/paycenter_admin/index.php [debug] SELECT SQL_CALC_FOUND_ROWS * FROM pay_admin_user_base WHERE 1   AND user_id=10001 LIMIT 500 
15:07:27 01/11/21 FILE=/var/www/html/bbctwo/paycenter_admin/index.php [debug] SELECT SQL_CALC_FOUND_ROWS * FROM pay_admin_user_base WHERE 1   AND user_id=10001 LIMIT 500 
15:07:27 01/11/21 FILE=/var/www/html/bbctwo/paycenter_admin/index.php [debug] SELECT SQL_CALC_FOUND_ROWS * FROM pay_admin_user_base WHERE 1   AND user_id=10001 LIMIT 500 
15:07:36 01/11/21 FILE=/var/www/html/bbctwo/paycenter_admin/index.php [debug] SELECT SQL_CALC_FOUND_ROWS * FROM pay_admin_user_base WHERE 1   AND user_id=10001 LIMIT 500 
15:07:41 01/11/21 FILE=/var/www/html/bbctwo/paycenter_admin/index.php [debug] SELECT SQL_CALC_FOUND_ROWS * FROM pay_admin_user_base WHERE 1   AND user_id=10001 LIMIT 500 
15:07:53 01/11/21 FILE=/var/www/html/bbctwo/paycenter_admin/index.php [debug] SELECT SQL_CALC_FOUND_ROWS * FROM pay_admin_user_base WHERE 1   AND user_id=10001 LIMIT 500 
15:07:58 01/11/21 FILE=/var/www/html/bbctwo/paycenter_admin/index.php [debug] SELECT SQL_CALC_FOUND_ROWS * FROM pay_admin_user_base WHERE 1   AND user_id=10001 LIMIT 500 
15:08:19 01/11/21 FILE=/var/www/html/bbctwo/paycenter_admin/index.php [debug] SELECT SQL_CALC_FOUND_ROWS * FROM pay_admin_user_base WHERE 1   AND user_id=10001 LIMIT 500 
15:39:19 01/11/21 FILE=/var/www/html/bbctwo/paycenter_admin/index.php [debug] SELECT SQL_CALC_FOUND_ROWS * FROM pay_admin_rights_base WHERE 1   AND rights_id=34058 LIMIT 500 
15:39:19 01/11/21 FILE=/var/www/html/bbctwo/paycenter_admin/index.php [debug] SELECT SQL_CALC_FOUND_ROWS * FROM pay_admin_rights_base WHERE 1   AND rights_id=3180 LIMIT 500 
