00:02:01 01/09/21 FILE=/robots.txt [info] /var/www/html/bbctwo/shop/shop/task/crons/sign.php
00:21:45 01/09/21 FILE=/?ctl=Webconfig&typ=json [info] /var/www/html/bbctwo/shop/shop/task/crons/sign.php
01:01:21 01/09/21 FILE=/?ctl=Webconfig&typ=json [info] /var/www/html/bbctwo/shop/shop/task/crons/sign.php
00:02:58 01/10/21 FILE=/robots.txt [info] /var/www/html/bbctwo/shop/shop/task/crons/sign.php
00:04:26 01/10/21 FILE=/index.php?ctl=Goods_Goods&met=goodslist&cat_id=9066 [info] /var/www/html/bbctwo/shop/shop/task/crons/sign.php
00:26:09 01/10/21 FILE=/?ctl=Webconfig&typ=json [info] /var/www/html/bbctwo/shop/shop/task/crons/sign.php
00:36:10 01/10/21 FILE=/index.php/index.php?ctl=RedPacket&met=redPacket [info] /var/www/html/bbctwo/shop/shop/task/crons/sign.php
00:39:20 01/10/21 FILE=/?ctl=Index&met=getMallLogo&typ=json [info] /var/www/html/bbctwo/shop/shop/task/crons/sign.php
00:46:19 01/10/21 FILE=/?ctl=Webconfig&typ=json [info] /var/www/html/bbctwo/shop/shop/task/crons/sign.php
00:51:17 01/10/21 FILE=/index.php?ctl=Goods_Goods&met=getShopUid&typ=json [info] /var/www/html/bbctwo/shop/shop/task/crons/sign.php
01:06:54 01/10/21 FILE=/robots.txt [info] /var/www/html/bbctwo/shop/shop/task/crons/sign.php
00:01:17 01/11/21 FILE=/index.php?ctl=Index&met=getSearchAdv&typ=json [info] /var/www/html/bbctwo/shop/shop/task/crons/sign.php
00:03:06 01/11/21 FILE=/index.php/index.php?ctl=Shop_Index&plat=&district=%25252525252525E6%25252525252525B5%25252525252525B7%25252525252525E5%25252525252525A4%2525252525252596 [info] /var/www/html/bbctwo/shop/shop/task/crons/sign.php
00:05:39 01/11/21 FILE=/robots.txt [info] /var/www/html/bbctwo/shop/shop/task/crons/sign.php
00:19:04 01/11/21 FILE=/robots.txt [info] /var/www/html/bbctwo/shop/shop/task/crons/sign.php
00:31:31 01/11/21 FILE=/ [info] /var/www/html/bbctwo/shop/shop/task/crons/sign.php
00:46:09 01/11/21 FILE=/sitemaps.xml [info] /var/www/html/bbctwo/shop/shop/task/crons/sign.php
00:58:12 01/11/21 FILE=/ [info] /var/www/html/bbctwo/shop/shop/task/crons/sign.php
01:26:50 01/11/21 FILE=/robots.txt [info] /var/www/html/bbctwo/shop/shop/task/crons/sign.php
13:13:12 03/10/21 FILE=/shop/task/init.php [info] /var/www/html/bbctwo/shop/shop/task/crons/settlement.php
13:13:12 03/10/21 FILE=/shop/task/init.php [info] /var/www/html/bbctwo/shop/shop/task/crons/sign.php
13:15:01 03/10/21 FILE=/shop/task/init.php [info] /var/www/html/bbctwo/shop/shop/task/crons/settlement.php
13:16:01 03/10/21 FILE=/shop/task/init.php [info] /var/www/html/bbctwo/shop/shop/task/crons/settlement.php
13:17:01 03/10/21 FILE=/shop/task/init.php [info] /var/www/html/bbctwo/shop/shop/task/crons/settlement.php
13:18:02 03/10/21 FILE=/shop/task/init.php [info] /var/www/html/bbctwo/shop/shop/task/crons/settlement.php
13:19:02 03/10/21 FILE=/shop/task/init.php [info] /var/www/html/bbctwo/shop/shop/task/crons/settlement.php
13:21:02 03/10/21 FILE=/shop/task/init.php [info] /var/www/html/bbctwo/shop/shop/task/crons/settlement.php
13:23:01 03/10/21 FILE=/shop/task/init.php [info] /var/www/html/bbctwo/shop/shop/task/crons/settlement.php
13:24:01 03/10/21 FILE=/shop/task/init.php [info] /var/www/html/bbctwo/shop/shop/task/crons/settlement.php
13:25:01 03/10/21 FILE=/shop/task/init.php [info] /var/www/html/bbctwo/shop/shop/task/crons/settlement.php
