11:50:08 05/27/17 FILE=D:/phpStudy/WWW/svn/shop/install/index.php [info] 插件 Plugin_Log 不存在！
11:50:08 05/27/17 FILE=D:/phpStudy/WWW/svn/shop/install/index.php [info] 插件 Plugin_Perm 不存在！
11:50:08 05/27/17 FILE=D:/phpStudy/WWW/svn/shop/install/index.php [info] 插件 Plugin_Xhprof 不存在！
11:50:10 05/27/17 FILE=D:/phpStudy/WWW/svn/shop/install/index.php [info] 插件 Plugin_Log 不存在！
11:50:10 05/27/17 FILE=D:/phpStudy/WWW/svn/shop/install/index.php [info] 插件 Plugin_Perm 不存在！
11:50:10 05/27/17 FILE=D:/phpStudy/WWW/svn/shop/install/index.php [info] 插件 Plugin_Xhprof 不存在！
11:50:10 05/27/17 FILE=D:/phpStudy/WWW/svn/shop/install/index.php [info] 插件 Plugin_Log 不存在！
11:50:10 05/27/17 FILE=D:/phpStudy/WWW/svn/shop/install/index.php [info] 插件 Plugin_Perm 不存在！
11:50:10 05/27/17 FILE=D:/phpStudy/WWW/svn/shop/install/index.php [info] 插件 Plugin_Xhprof 不存在！
11:50:13 05/27/17 FILE=D:/phpStudy/WWW/svn/shop/install/index.php [info] 插件 Plugin_Log 不存在！
11:50:13 05/27/17 FILE=D:/phpStudy/WWW/svn/shop/install/index.php [info] 插件 Plugin_Perm 不存在！
11:50:13 05/27/17 FILE=D:/phpStudy/WWW/svn/shop/install/index.php [info] 插件 Plugin_Xhprof 不存在！
11:50:46 05/27/17 FILE=D:/phpStudy/WWW/svn/shop/install/index.php [info] 插件 Plugin_Log 不存在！
11:50:46 05/27/17 FILE=D:/phpStudy/WWW/svn/shop/install/index.php [info] 插件 Plugin_Perm 不存在！
11:50:46 05/27/17 FILE=D:/phpStudy/WWW/svn/shop/install/index.php [info] 插件 Plugin_Xhprof 不存在！
11:50:51 05/27/17 FILE=D:/phpStudy/WWW/svn/shop/install/index.php [info] 插件 Plugin_Log 不存在！
11:50:51 05/27/17 FILE=D:/phpStudy/WWW/svn/shop/install/index.php [info] 插件 Plugin_Perm 不存在！
11:50:51 05/27/17 FILE=D:/phpStudy/WWW/svn/shop/install/index.php [info] 插件 Plugin_Xhprof 不存在！
11:50:51 05/27/17 FILE=D:/phpStudy/WWW/svn/shop/install/index.php [info] 插件 Plugin_Log 不存在！
11:50:51 05/27/17 FILE=D:/phpStudy/WWW/svn/shop/install/index.php [info] 插件 Plugin_Perm 不存在！
11:50:51 05/27/17 FILE=D:/phpStudy/WWW/svn/shop/install/index.php [info] 插件 Plugin_Xhprof 不存在！
11:50:55 05/27/17 FILE=D:/phpStudy/WWW/svn/shop/install/index.php [info] 插件 Plugin_Log 不存在！
11:50:55 05/27/17 FILE=D:/phpStudy/WWW/svn/shop/install/index.php [info] 插件 Plugin_Perm 不存在！
11:50:55 05/27/17 FILE=D:/phpStudy/WWW/svn/shop/install/index.php [info] 插件 Plugin_Xhprof 不存在！
11:56:32 05/27/17 FILE=D:/phpStudy/WWW/svn/shop/install/index.php [info] 插件 Plugin_Log 不存在！
11:56:32 05/27/17 FILE=D:/phpStudy/WWW/svn/shop/install/index.php [info] 插件 Plugin_Perm 不存在！
11:56:32 05/27/17 FILE=D:/phpStudy/WWW/svn/shop/install/index.php [info] 插件 Plugin_Xhprof 不存在！
10:26:19 07/10/18 FILE=D:/gitwork/bbc/shop/install/index.php [info] 插件 Plugin_Log 不存在！
10:26:19 07/10/18 FILE=D:/gitwork/bbc/shop/install/index.php [info] 插件 Plugin_Perm 不存在！
10:26:19 07/10/18 FILE=D:/gitwork/bbc/shop/install/index.php [info] 插件 Plugin_Xhprof 不存在！
10:30:10 07/10/18 FILE=D:/gitwork/bbc/shop/install/index.php [info] 插件 Plugin_Log 不存在！
10:30:10 07/10/18 FILE=D:/gitwork/bbc/shop/install/index.php [info] 插件 Plugin_Perm 不存在！
10:30:10 07/10/18 FILE=D:/gitwork/bbc/shop/install/index.php [info] 插件 Plugin_Xhprof 不存在！
10:30:38 07/10/18 FILE=D:/gitwork/bbc/shop/install/index.php [info] 插件 Plugin_Log 不存在！
10:30:38 07/10/18 FILE=D:/gitwork/bbc/shop/install/index.php [info] 插件 Plugin_Perm 不存在！
10:30:38 07/10/18 FILE=D:/gitwork/bbc/shop/install/index.php [info] 插件 Plugin_Xhprof 不存在！
10:31:07 07/10/18 FILE=D:/gitwork/bbc/shop/install/index.php [info] 插件 Plugin_Log 不存在！
10:31:07 07/10/18 FILE=D:/gitwork/bbc/shop/install/index.php [info] 插件 Plugin_Perm 不存在！
10:31:07 07/10/18 FILE=D:/gitwork/bbc/shop/install/index.php [info] 插件 Plugin_Xhprof 不存在！
10:31:23 07/10/18 FILE=D:/gitwork/bbc/shop/install/index.php [info] 插件 Plugin_Log 不存在！
10:31:23 07/10/18 FILE=D:/gitwork/bbc/shop/install/index.php [info] 插件 Plugin_Perm 不存在！
10:31:23 07/10/18 FILE=D:/gitwork/bbc/shop/install/index.php [info] 插件 Plugin_Xhprof 不存在！
10:31:43 07/10/18 FILE=D:/gitwork/bbc/shop/install/index.php [info] 插件 Plugin_Log 不存在！
10:31:43 07/10/18 FILE=D:/gitwork/bbc/shop/install/index.php [info] 插件 Plugin_Perm 不存在！
10:31:43 07/10/18 FILE=D:/gitwork/bbc/shop/install/index.php [info] 插件 Plugin_Xhprof 不存在！
10:31:57 07/10/18 FILE=D:/gitwork/bbc/shop/install/index.php [info] 插件 Plugin_Log 不存在！
10:31:57 07/10/18 FILE=D:/gitwork/bbc/shop/install/index.php [info] 插件 Plugin_Perm 不存在！
10:31:57 07/10/18 FILE=D:/gitwork/bbc/shop/install/index.php [info] 插件 Plugin_Xhprof 不存在！
10:32:13 07/10/18 FILE=D:/gitwork/bbc/shop/install/index.php [info] 插件 Plugin_Log 不存在！
10:32:13 07/10/18 FILE=D:/gitwork/bbc/shop/install/index.php [info] 插件 Plugin_Perm 不存在！
10:32:13 07/10/18 FILE=D:/gitwork/bbc/shop/install/index.php [info] 插件 Plugin_Xhprof 不存在！
10:34:28 07/10/18 FILE=D:/gitwork/bbc/shop/install/index.php [info] 插件 Plugin_Log 不存在！
10:34:28 07/10/18 FILE=D:/gitwork/bbc/shop/install/index.php [info] 插件 Plugin_Perm 不存在！
10:34:28 07/10/18 FILE=D:/gitwork/bbc/shop/install/index.php [info] 插件 Plugin_Xhprof 不存在！
10:36:01 07/10/18 FILE=D:/gitwork/bbc/shop/install/index.php [info] 插件 Plugin_Log 不存在！
10:36:01 07/10/18 FILE=D:/gitwork/bbc/shop/install/index.php [info] 插件 Plugin_Perm 不存在！
10:36:01 07/10/18 FILE=D:/gitwork/bbc/shop/install/index.php [info] 插件 Plugin_Xhprof 不存在！
10:36:02 07/10/18 FILE=D:/gitwork/bbc/shop/install/index.php [info] 插件 Plugin_Log 不存在！
10:36:02 07/10/18 FILE=D:/gitwork/bbc/shop/install/index.php [info] 插件 Plugin_Perm 不存在！
10:36:02 07/10/18 FILE=D:/gitwork/bbc/shop/install/index.php [info] 插件 Plugin_Xhprof 不存在！
10:36:02 07/10/18 FILE=D:/gitwork/bbc/shop/install/index.php [info] 插件 Plugin_Log 不存在！
10:36:02 07/10/18 FILE=D:/gitwork/bbc/shop/install/index.php [info] 插件 Plugin_Perm 不存在！
10:36:02 07/10/18 FILE=D:/gitwork/bbc/shop/install/index.php [info] 插件 Plugin_Xhprof 不存在！
10:36:02 07/10/18 FILE=D:/gitwork/bbc/shop/install/index.php [info] 插件 Plugin_Log 不存在！
10:36:02 07/10/18 FILE=D:/gitwork/bbc/shop/install/index.php [info] 插件 Plugin_Perm 不存在！
10:36:02 07/10/18 FILE=D:/gitwork/bbc/shop/install/index.php [info] 插件 Plugin_Xhprof 不存在！
10:36:44 07/10/18 FILE=D:/gitwork/bbc/shop/install/index.php [info] 插件 Plugin_Log 不存在！
10:36:44 07/10/18 FILE=D:/gitwork/bbc/shop/install/index.php [info] 插件 Plugin_Perm 不存在！
10:36:44 07/10/18 FILE=D:/gitwork/bbc/shop/install/index.php [info] 插件 Plugin_Xhprof 不存在！
10:36:44 07/10/18 FILE=D:/gitwork/bbc/shop/install/index.php [info] 插件 Plugin_Log 不存在！
10:36:44 07/10/18 FILE=D:/gitwork/bbc/shop/install/index.php [info] 插件 Plugin_Perm 不存在！
10:36:44 07/10/18 FILE=D:/gitwork/bbc/shop/install/index.php [info] 插件 Plugin_Xhprof 不存在！
10:36:44 07/10/18 FILE=D:/gitwork/bbc/shop/install/index.php [info] 插件 Plugin_Log 不存在！
10:36:44 07/10/18 FILE=D:/gitwork/bbc/shop/install/index.php [info] 插件 Plugin_Perm 不存在！
10:36:44 07/10/18 FILE=D:/gitwork/bbc/shop/install/index.php [info] 插件 Plugin_Xhprof 不存在！
10:36:45 07/10/18 FILE=D:/gitwork/bbc/shop/install/index.php [info] 插件 Plugin_Log 不存在！
10:36:45 07/10/18 FILE=D:/gitwork/bbc/shop/install/index.php [info] 插件 Plugin_Perm 不存在！
10:36:45 07/10/18 FILE=D:/gitwork/bbc/shop/install/index.php [info] 插件 Plugin_Xhprof 不存在！
10:38:28 07/10/18 FILE=D:/gitwork/bbc/shop/install/index.php [info] 插件 Plugin_Log 不存在！
10:38:28 07/10/18 FILE=D:/gitwork/bbc/shop/install/index.php [info] 插件 Plugin_Perm 不存在！
10:38:28 07/10/18 FILE=D:/gitwork/bbc/shop/install/index.php [info] 插件 Plugin_Xhprof 不存在！
10:39:05 07/10/18 FILE=D:/gitwork/bbc/shop/install/index.php [info] 插件 Plugin_Log 不存在！
10:39:05 07/10/18 FILE=D:/gitwork/bbc/shop/install/index.php [info] 插件 Plugin_Perm 不存在！
10:39:05 07/10/18 FILE=D:/gitwork/bbc/shop/install/index.php [info] 插件 Plugin_Xhprof 不存在！
11:14:30 07/10/18 FILE=D:/gitwork/bbc/shop/install/index.php [info] 插件 Plugin_Log 不存在！
11:14:30 07/10/18 FILE=D:/gitwork/bbc/shop/install/index.php [info] 插件 Plugin_Perm 不存在！
11:14:30 07/10/18 FILE=D:/gitwork/bbc/shop/install/index.php [info] 插件 Plugin_Xhprof 不存在！
11:40:27 07/10/18 FILE=D:/gitwork/bbc/shop/install/index.php [info] 插件 Plugin_Log 不存在！
11:40:27 07/10/18 FILE=D:/gitwork/bbc/shop/install/index.php [info] 插件 Plugin_Perm 不存在！
11:40:27 07/10/18 FILE=D:/gitwork/bbc/shop/install/index.php [info] 插件 Plugin_Xhprof 不存在！
11:41:16 07/10/18 FILE=D:/gitwork/bbc/shop/install/index.php [info] 插件 Plugin_Log 不存在！
11:41:16 07/10/18 FILE=D:/gitwork/bbc/shop/install/index.php [info] 插件 Plugin_Perm 不存在！
11:41:16 07/10/18 FILE=D:/gitwork/bbc/shop/install/index.php [info] 插件 Plugin_Xhprof 不存在！
17:49:28 09/07/18 FILE=D:/phpStudy2018/PHPTutorial/WWW/bbc/shop/install/index.php [info] 插件 Plugin_Log 不存在！
17:49:28 09/07/18 FILE=D:/phpStudy2018/PHPTutorial/WWW/bbc/shop/install/index.php [info] 插件 Plugin_Perm 不存在！
17:49:28 09/07/18 FILE=D:/phpStudy2018/PHPTutorial/WWW/bbc/shop/install/index.php [info] 插件 Plugin_Xhprof 不存在！
17:49:28 09/07/18 FILE=D:/phpStudy2018/PHPTutorial/WWW/bbc/shop/install/index.php [info] 插件 Plugin_Directseller 不存在！
