15:45:19 01/08/21 FILE=/var/www/html/bbctwo/ucenter_admin/index.php [info] $tmp_str:app_id=104&ctl=Api&met=getBaseApp&rtime=1610091919&typ=json&key=gWp180wX
15:45:19 01/08/21 FILE=/var/www/html/bbctwo/ucenter_admin/index.php [info] $url:https://ucenters.look56.com/
15:45:19 01/08/21 FILE=/var/www/html/bbctwo/ucenter_admin/index.php [info] array (
  'app_id' => 104,
  'ctl' => 'Api',
  'met' => 'getBaseApp',
  'rtime' => 1610091919,
  'typ' => 'json',
  'key' => 'gWp180wX',
)
15:45:19 01/08/21 FILE=/var/www/html/bbctwo/ucenter_admin/index.php [info] array (
  'app_id' => 104,
  'ctl' => 'Api',
  'met' => 'getBaseApp',
  'typ' => 'json',
  'rtime' => 1610091919,
  'token' => '20364fd1651be64481927c4a49f85b15',
)
15:45:19 01/08/21 FILE=/var/www/html/bbctwo/ucenter_admin/index.php [info] $res : {"cmd_id":-140,"status":200,"msg":"success","data":{"101":{"app_id":"101","app_name":"ERP\u7cfb\u7edf","app_showname":null,"app_type":"2","app_seq":"0","app_key":"","app_ip_list":"","app_url":"","app_admin_url":"","app_url_recharge":"","app_url_order":"","app_logo":"","app_hosts":"","return_fields":"","app_status":"0","id":"101"},"102":{"app_id":"102","app_name":"\u5546\u57ce\u7cfb\u7edf","app_showname":null,"app_type":"2","app_seq":"0","app_key":"gWp180wX","app_ip_list":"","app_url":"https:\/\/shops.look56.com\/","app_admin_url":"https:\/\/admins.look56.com\/","app_url_recharge":"","app_url_order":"","app_logo":"","app_hosts":"","return_fields":"","app_status":"1","id":"102"},"103":{"app_id":"103","app_name":"ImBuilder","app_showname":null,"app_type":"2","app_seq":"0","app_key":"","app_ip_list":"","app_url":"","app_admin_url":"","app_url_recharge":"","app_url_order":"","app_logo":"","app_hosts":"","return_fields":"","app_status":"1","id":"103"},"104":{"app_id":"104","app_name":"\u7528\u6237\u4e2d\u5fc3","app_showname":null,"app_type":"0","app_seq":"0","app_key":"gWp180wX","app_ip_list":"","app_url":"https:\/\/ucenters.look56.com\/","app_admin_url":"https:\/\/ucenteradmins.look56.com\/","app_url_recharge":"","app_url_order":"","app_logo":"","app_hosts":"","return_fields":"","app_status":"1","id":"104"},"105":{"app_id":"105","app_name":"\u7f51\u4ed8\u5b9d","app_showname":null,"app_type":"0","app_seq":"0","app_key":"gWp180wX","app_ip_list":"","app_url":"https:\/\/paycenters.look56.com\/","app_admin_url":"https:\/\/paycenteradmins.look56.com\/","app_url_recharge":"","app_url_order":"","app_logo":"","app_hosts":"","return_fields":"","app_status":"1","id":"105"}}}
15:45:19 01/08/21 FILE=/var/www/html/bbctwo/ucenter_admin/index.php [info] array (
  'cmd_id' => -140,
  'status' => 200,
  'msg' => 'success',
  'data' => 
  array (
    101 => 
    array (
      'app_id' => '101',
      'app_name' => 'ERP系统',
      'app_showname' => NULL,
      'app_type' => '2',
      'app_seq' => '0',
      'app_key' => '',
      'app_ip_list' => '',
      'app_url' => '',
      'app_admin_url' => '',
      'app_url_recharge' => '',
      'app_url_order' => '',
      'app_logo' => '',
      'app_hosts' => '',
      'return_fields' => '',
      'app_status' => '0',
      'id' => '101',
    ),
    102 => 
    array (
      'app_id' => '102',
      'app_name' => '商城系统',
      'app_showname' => NULL,
      'app_type' => '2',
      'app_seq' => '0',
      'app_key' => 'gWp180wX',
      'app_ip_list' => '',
      'app_url' => 'https://shops.look56.com/',
      'app_admin_url' => 'https://admins.look56.com/',
      'app_url_recharge' => '',
      'app_url_order' => '',
      'app_logo' => '',
      'app_hosts' => '',
      'return_fields' => '',
      'app_status' => '1',
      'id' => '102',
    ),
    103 => 
    array (
      'app_id' => '103',
      'app_name' => 'ImBuilder',
      'app_showname' => NULL,
      'app_type' => '2',
      'app_seq' => '0',
      'app_key' => '',
      'app_ip_list' => '',
      'app_url' => '',
      'app_admin_url' => '',
      'app_url_recharge' => '',
      'app_url_order' => '',
      'app_logo' => '',
      'app_hosts' => '',
      'return_fields' => '',
      'app_status' => '1',
      'id' => '103',
    ),
    104 => 
    array (
      'app_id' => '104',
      'app_name' => '用户中心',
      'app_showname' => NULL,
      'app_type' => '0',
      'app_seq' => '0',
      'app_key' => 'gWp180wX',
      'app_ip_list' => '',
      'app_url' => 'https://ucenters.look56.com/',
      'app_admin_url' => 'https://ucenteradmins.look56.com/',
      'app_url_recharge' => '',
      'app_url_order' => '',
      'app_logo' => '',
      'app_hosts' => '',
      'return_fields' => '',
      'app_status' => '1',
      'id' => '104',
    ),
    105 => 
    array (
      'app_id' => '105',
      'app_name' => '网付宝',
      'app_showname' => NULL,
      'app_type' => '0',
      'app_seq' => '0',
      'app_key' => 'gWp180wX',
      'app_ip_list' => '',
      'app_url' => 'https://paycenters.look56.com/',
      'app_admin_url' => 'https://paycenteradmins.look56.com/',
      'app_url_recharge' => '',
      'app_url_order' => '',
      'app_logo' => '',
      'app_hosts' => '',
      'return_fields' => '',
      'app_status' => '1',
      'id' => '105',
    ),
  ),
)
15:45:19 01/08/21 FILE=/var/www/html/bbctwo/ucenter_admin/index.php [info] $tmp_str:app_id=104&ctl=Api&met=getBaseApp&rtime=1610091919&typ=json&key=gWp180wX
15:45:19 01/08/21 FILE=/var/www/html/bbctwo/ucenter_admin/index.php [info] $url:https://ucenters.look56.com/
15:45:19 01/08/21 FILE=/var/www/html/bbctwo/ucenter_admin/index.php [info] array (
  'app_id' => 104,
  'ctl' => 'Api',
  'met' => 'getBaseApp',
  'rtime' => 1610091919,
  'typ' => 'json',
  'key' => 'gWp180wX',
)
15:45:19 01/08/21 FILE=/var/www/html/bbctwo/ucenter_admin/index.php [info] array (
  'app_id' => 104,
  'ctl' => 'Api',
  'met' => 'getBaseApp',
  'typ' => 'json',
  'rtime' => 1610091919,
  'token' => '20364fd1651be64481927c4a49f85b15',
)
15:45:19 01/08/21 FILE=/var/www/html/bbctwo/ucenter_admin/index.php [info] $res : {"cmd_id":-140,"status":200,"msg":"success","data":{"101":{"app_id":"101","app_name":"ERP\u7cfb\u7edf","app_showname":null,"app_type":"2","app_seq":"0","app_key":"","app_ip_list":"","app_url":"","app_admin_url":"","app_url_recharge":"","app_url_order":"","app_logo":"","app_hosts":"","return_fields":"","app_status":"0","id":"101"},"102":{"app_id":"102","app_name":"\u5546\u57ce\u7cfb\u7edf","app_showname":null,"app_type":"2","app_seq":"0","app_key":"gWp180wX","app_ip_list":"","app_url":"https:\/\/shops.look56.com\/","app_admin_url":"https:\/\/admins.look56.com\/","app_url_recharge":"","app_url_order":"","app_logo":"","app_hosts":"","return_fields":"","app_status":"1","id":"102"},"103":{"app_id":"103","app_name":"ImBuilder","app_showname":null,"app_type":"2","app_seq":"0","app_key":"","app_ip_list":"","app_url":"","app_admin_url":"","app_url_recharge":"","app_url_order":"","app_logo":"","app_hosts":"","return_fields":"","app_status":"1","id":"103"},"104":{"app_id":"104","app_name":"\u7528\u6237\u4e2d\u5fc3","app_showname":null,"app_type":"0","app_seq":"0","app_key":"gWp180wX","app_ip_list":"","app_url":"https:\/\/ucenters.look56.com\/","app_admin_url":"https:\/\/ucenteradmins.look56.com\/","app_url_recharge":"","app_url_order":"","app_logo":"","app_hosts":"","return_fields":"","app_status":"1","id":"104"},"105":{"app_id":"105","app_name":"\u7f51\u4ed8\u5b9d","app_showname":null,"app_type":"0","app_seq":"0","app_key":"gWp180wX","app_ip_list":"","app_url":"https:\/\/paycenters.look56.com\/","app_admin_url":"https:\/\/paycenteradmins.look56.com\/","app_url_recharge":"","app_url_order":"","app_logo":"","app_hosts":"","return_fields":"","app_status":"1","id":"105"}}}
15:45:19 01/08/21 FILE=/var/www/html/bbctwo/ucenter_admin/index.php [info] array (
  'cmd_id' => -140,
  'status' => 200,
  'msg' => 'success',
  'data' => 
  array (
    101 => 
    array (
      'app_id' => '101',
      'app_name' => 'ERP系统',
      'app_showname' => NULL,
      'app_type' => '2',
      'app_seq' => '0',
      'app_key' => '',
      'app_ip_list' => '',
      'app_url' => '',
      'app_admin_url' => '',
      'app_url_recharge' => '',
      'app_url_order' => '',
      'app_logo' => '',
      'app_hosts' => '',
      'return_fields' => '',
      'app_status' => '0',
      'id' => '101',
    ),
    102 => 
    array (
      'app_id' => '102',
      'app_name' => '商城系统',
      'app_showname' => NULL,
      'app_type' => '2',
      'app_seq' => '0',
      'app_key' => 'gWp180wX',
      'app_ip_list' => '',
      'app_url' => 'https://shops.look56.com/',
      'app_admin_url' => 'https://admins.look56.com/',
      'app_url_recharge' => '',
      'app_url_order' => '',
      'app_logo' => '',
      'app_hosts' => '',
      'return_fields' => '',
      'app_status' => '1',
      'id' => '102',
    ),
    103 => 
    array (
      'app_id' => '103',
      'app_name' => 'ImBuilder',
      'app_showname' => NULL,
      'app_type' => '2',
      'app_seq' => '0',
      'app_key' => '',
      'app_ip_list' => '',
      'app_url' => '',
      'app_admin_url' => '',
      'app_url_recharge' => '',
      'app_url_order' => '',
      'app_logo' => '',
      'app_hosts' => '',
      'return_fields' => '',
      'app_status' => '1',
      'id' => '103',
    ),
    104 => 
    array (
      'app_id' => '104',
      'app_name' => '用户中心',
      'app_showname' => NULL,
      'app_type' => '0',
      'app_seq' => '0',
      'app_key' => 'gWp180wX',
      'app_ip_list' => '',
      'app_url' => 'https://ucenters.look56.com/',
      'app_admin_url' => 'https://ucenteradmins.look56.com/',
      'app_url_recharge' => '',
      'app_url_order' => '',
      'app_logo' => '',
      'app_hosts' => '',
      'return_fields' => '',
      'app_status' => '1',
      'id' => '104',
    ),
    105 => 
    array (
      'app_id' => '105',
      'app_name' => '网付宝',
      'app_showname' => NULL,
      'app_type' => '0',
      'app_seq' => '0',
      'app_key' => 'gWp180wX',
      'app_ip_list' => '',
      'app_url' => 'https://paycenters.look56.com/',
      'app_admin_url' => 'https://paycenteradmins.look56.com/',
      'app_url_recharge' => '',
      'app_url_order' => '',
      'app_logo' => '',
      'app_hosts' => '',
      'return_fields' => '',
      'app_status' => '1',
      'id' => '105',
    ),
  ),
)
